<?xml version="1.0" encoding="UTF-8"?>
<testsuite xmlns:xsi="http://www.w3.org/2001/XMLSchema-instance" xsi:noNamespaceSchemaLocation="https://maven.apache.org/surefire/maven-surefire-plugin/xsd/surefire-test-report-3.0.xsd" version="3.0" name="hellocucumber.RunCucumberTest" time="0.226" tests="4" errors="1" skipped="0" failures="0">
  <properties>
[...]
</properties>
  <testcase name="Example #1.1" classname="Examples" time="0.058">
    <system-out><![CDATA[
@Outline
Scenario Outline: User login with valid credentials &amp#27;[90m# hellocucumber/Login.feature:11&amp#27;[0m
  &amp#27;[32mGiven &amp#27;[0m&amp#27;[32mthe user is on the login page&amp#27;[0m               &amp#27;[90m# hellocucumber.StepDefinitions.the_user_is_on_the_login_page()&amp#27;[0m
  &amp#27;[32mWhen &amp#27;[0m&amp#27;[32mthe user enters &amp#27;[0m&amp#27;[32m&amp#27;[1m"user1"&amp#27;[0m&amp#27;[32m and &amp#27;[0m&amp#27;[32m&amp#27;[1m"password1"&amp#27;[0m      &amp#27;[90m# hellocucumber.StepDefinitions.the_user_enters_and(java.lang.String,java.lang.String)&amp#27;[0m
  &amp#27;[32mThen &amp#27;[0m&amp#27;[32mthe user should be logged in successfully&amp#27;[0m    &amp#27;[90m# hellocucumber.StepDefinitions.the_user_should_be_logged_in_successfully()&amp#27;[0m
]]></system-out>
  </testcase>
  <testcase name="Example #1.2" classname="Examples" time="0.004">
    <system-out><![CDATA[
@Outline
Scenario Outline: User login with valid credentials &amp#27;[90m# hellocucumber/Login.feature:12&amp#27;[0m
  &amp#27;[32mGiven &amp#27;[0m&amp#27;[32mthe user is on the login page&amp#27;[0m               &amp#27;[90m# hellocucumber.StepDefinitions.the_user_is_on_the_login_page()&amp#27;[0m
  &amp#27;[32mWhen &amp#27;[0m&amp#27;[32mthe user enters &amp#27;[0m&amp#27;[32m&amp#27;[1m"user2"&amp#27;[0m&amp#27;[32m and &amp#27;[0m&amp#27;[32m&amp#27;[1m"password2"&amp#27;[0m      &amp#27;[90m# hellocucumber.StepDefinitions.the_user_enters_and(java.lang.String,java.lang.String)&amp#27;[0m
  &amp#27;[32mThen &amp#27;[0m&amp#27;[32mthe user should be logged in successfully&amp#27;[0m    &amp#27;[90m# hellocucumber.StepDefinitions.the_user_should_be_logged_in_successfully()&amp#27;[0m
]]></system-out>
  </testcase>
  <testcase name="Example #1.3" classname="Examples" time="0.003">
    <system-out><![CDATA[
@Outline
Scenario Outline: User login with valid credentials &amp#27;[90m# hellocucumber/Login.feature:13&amp#27;[0m
  &amp#27;[32mGiven &amp#27;[0m&amp#27;[32mthe user is on the login page&amp#27;[0m               &amp#27;[90m# hellocucumber.StepDefinitions.the_user_is_on_the_login_page()&amp#27;[0m
  &amp#27;[32mWhen &amp#27;[0m&amp#27;[32mthe user enters &amp#27;[0m&amp#27;[32m&amp#27;[1m"user3"&amp#27;[0m&amp#27;[32m and &amp#27;[0m&amp#27;[32m&amp#27;[1m"password3"&amp#27;[0m      &amp#27;[90m# hellocucumber.StepDefinitions.the_user_enters_and(java.lang.String,java.lang.String)&amp#27;[0m
  &amp#27;[32mThen &amp#27;[0m&amp#27;[32mthe user should be logged in successfully&amp#27;[0m    &amp#27;[90m# hellocucumber.StepDefinitions.the_user_should_be_logged_in_successfully()&amp#27;[0m
]]></system-out>
  </testcase>
  <testcase name="User login with valid credentials" classname="Login functionality" time="0.037">
    <error message="The step &apos;the user enters valid username and password&apos; is undefined.&#10;You can implement this step using the snippet(s) below:&#10;&#10;@When(&quot;the user enters valid username and password&quot;)&#10;public void the_user_enters_valid_username_and_password() {&#10;    // Write code here that turns the phrase above into concrete actions&#10;    throw new io.cucumber.java.PendingException();&#10;}&#10;" type="io.cucumber.junit.platform.engine.UndefinedStepException"><![CDATA[io.cucumber.junit.platform.engine.UndefinedStepException: 
The step 'the user enters valid username and password' is undefined.
You can implement this step using the snippet(s) below:

@When("the user enters valid username and password")
public void the_user_enters_valid_username_and_password() {
    // Write code here that turns the phrase above into concrete actions
    throw new io.cucumber.java.PendingException();
}

	at io.cucumber.core.runtime.TestCaseResultObserver.assertTestCasePassed(TestCaseResultObserver.java:69)
	at io.cucumber.junit.platform.engine.TestCaseResultObserver.assertTestCasePassed(TestCaseResultObserver.java:22)
	at io.cucumber.junit.platform.engine.CucumberEngineExecutionContext.lambda$runTestCase$4(CucumberEngineExecutionContext.java:114)
	at io.cucumber.core.runtime.CucumberExecutionContext.lambda$runTestCase$5(CucumberExecutionContext.java:137)
	at io.cucumber.core.runtime.RethrowingThrowableCollector.executeAndThrow(RethrowingThrowableCollector.java:23)
	at io.cucumber.core.runtime.CucumberExecutionContext.runTestCase(CucumberExecutionContext.java:137)
	at io.cucumber.junit.platform.engine.CucumberEngineExecutionContext.runTestCase(CucumberEngineExecutionContext.java:109)
	at io.cucumber.junit.platform.engine.NodeDescriptor$PickleDescriptor.execute(NodeDescriptor.java:168)
	at io.cucumber.junit.platform.engine.NodeDescriptor$PickleDescriptor.execute(NodeDescriptor.java:90)
	at java.base/java.util.ArrayList.forEach(ArrayList.java:1541)
	at java.base/java.util.ArrayList.forEach(ArrayList.java:1541)
]]></error>
    <system-out><![CDATA[
@Outline2
Scenario: User login with valid credentials        &amp#27;[90m# hellocucumber/Login.feature:16&amp#27;[0m
  &amp#27;[32mGiven &amp#27;[0m&amp#27;[32mthe user is on the login page&amp#27;[0m              &amp#27;[90m# hellocucumber.StepDefinitions.the_user_is_on_the_login_page()&amp#27;[0m
  &amp#27;[33mWhen &amp#27;[0m&amp#27;[33mthe user enters valid username and password&amp#27;[0m
  &amp#27;[36mThen &amp#27;[0m&amp#27;[36mthe user should be logged in successfully&amp#27;[0m   &amp#27;[90m# hellocucumber.StepDefinitions.the_user_should_be_logged_in_successfully()&amp#27;[0m
]]></system-out>
  </testcase>
</testsuite>